LIS- 664363
565375
0
PUB CLICKS- 664000
ADV CLICKS 664013
LIS CLICKS 664363
RLIS CLICKS 565375
LIS- 837964
816856
0
PUB CLICKS- 837202
ADV CLICKS 837204
LIS CLICKS 837964
RLIS CLICKS 816856
Date-  2016-05-09
LIS- 838723
RLIS - 406291
PUB CLICKS- 770990
ADV CLICKS 838472
LIS CLICKS 838723
RLIS CLICKS 406291
Date-  2016-05-10
LIS- 883500
RLIS - 880342
PUB CLICKS- 880342
ADV CLICKS 880342
LIS CLICKS 883500
RLIS CLICKS 880342
Date-  2016-05-11
LIS- 831348
RLIS - 831347
PUB CLICKS- 831337
ADV CLICKS 831347
LIS CLICKS 831348
RLIS CLICKS 831347
Date-  2016-05-12
LIS- 754713
RLIS - 754713
PUB CLICKS- 754707
ADV CLICKS 754713
LIS CLICKS 754713
RLIS CLICKS 754713
Date-  2016-05-13
LIS- 927413
RLIS - 927413
PUB CLICKS- 927412
ADV CLICKS 927413
LIS CLICKS 927413
RLIS CLICKS 927413
Date-  2016-05-14
LIS- 959700
RLIS - 959700
PUB CLICKS- 959699
ADV CLICKS 959700
LIS CLICKS 959700
RLIS CLICKS 959700
Date-  2016-05-15
LIS- 924623
RLIS - 924624
PUB CLICKS- 924613
ADV CLICKS 924623
LIS CLICKS 924623
RLIS CLICKS 924624
Date-  2016-05-16
LIS- 778036
RLIS - 778036
PUB CLICKS- 778004
ADV CLICKS 778036
LIS CLICKS 778036
RLIS CLICKS 778036
Date-  2016-05-17
LIS- 910178
RLIS - 910178
PUB CLICKS- 910152
ADV CLICKS 910178
LIS CLICKS 910178
RLIS CLICKS 910178
Date-  2016-05-18
LIS- 872985
RLIS - 872985
PUB CLICKS- 872922
ADV CLICKS 872985
LIS CLICKS 872985
RLIS CLICKS 872985
Date-  2016-05-19
LIS- 820782
RLIS - 820782
PUB CLICKS- 820779
ADV CLICKS 820782
LIS CLICKS 820782
RLIS CLICKS 820782
Date-  2016-05-20
LIS- 870492
RLIS - 870492
PUB CLICKS- 870291
ADV CLICKS 870492
LIS CLICKS 870492
RLIS CLICKS 870492
Date-  2016-05-21
LIS- 923630
RLIS - 923399
PUB CLICKS- 923254
ADV CLICKS 923399
LIS CLICKS 923630
RLIS CLICKS 923399
Date-  2016-05-22
LIS- 598160
RLIS - 598160
PUB CLICKS- 597910
ADV CLICKS 598160
LIS CLICKS 598160
RLIS CLICKS 598160
Date-  2016-05-23
LIS- 930242
RLIS - 930242
PUB CLICKS- 930209
ADV CLICKS 930242
LIS CLICKS 930242
RLIS CLICKS 930242
Date-  2016-05-24
LIS- 1025720
RLIS - 1025606
PUB CLICKS- 1025716
ADV CLICKS 1025720
LIS CLICKS 1025720
RLIS CLICKS 1025606
Date-  2016-05-25
LIS- 605632
RLIS - 605632
PUB CLICKS- 605624
ADV CLICKS 605632
LIS CLICKS 605632
RLIS CLICKS 605632
Date-  2016-05-26
LIS- 804299
RLIS - 804299
PUB CLICKS- 804291
ADV CLICKS 804299
LIS CLICKS 804299
RLIS CLICKS 804299
Date-  2016-05-27
LIS- 536437
RLIS - 536437
PUB CLICKS- 536437
ADV CLICKS 536437
LIS CLICKS 536437
RLIS CLICKS 536437
Date-  2016-05-28
LIS- 1050018
RLIS - 1050017
PUB CLICKS- 1050017
ADV CLICKS 1050017
LIS CLICKS 1050018
RLIS CLICKS 1050017
Date-  2016-05-29
LIS- 599969
RLIS - 599946
PUB CLICKS- 599946
ADV CLICKS 599946
LIS CLICKS 599969
RLIS CLICKS 599946
Date-  2016-05-30
LIS- 566491
RLIS - 566491
PUB CLICKS- 566486
ADV CLICKS 566491
LIS CLICKS 566491
RLIS CLICKS 566491
Date-  2016-05-31
LIS- 657702
RLIS - 657702
('PUB CLICKS-', 657702)
('ADV CLICKS', 657702)
('LIS CLICKS', 657702)
('RLIS CLICKS', 657702)
Date-  2016-06-01
LIS- 648807
RLIS - 648806
('PUB CLICKS-', 648795)
('ADV CLICKS', 648806)
('LIS CLICKS', 648807)
('RLIS CLICKS', 648806)
Date-  2016-06-02
('PUB CLICKS-', 650864)
('ADV CLICKS', 650865)
('LIS CLICKS', 647329)
('RLIS CLICKS', 650868)
Date-  2016-06-03
LIS- 325091
RLIS - 323956
('PUB CLICKS-', 499441)
('ADV CLICKS', 628852)
('LIS CLICKS', 325091)
('RLIS CLICKS', 323956)
Date-  2016-06-04
('PUB CLICKS-', 594340)
('ADV CLICKS', 594341)
('LIS CLICKS', 155642)
('RLIS CLICKS', 168272)
Date-  2016-06-05
('PUB CLICKS-', 610452)
('ADV CLICKS', 610455)
('LIS CLICKS', 334729)
('RLIS CLICKS', 537774)
Date-  2016-06-06
('PUB CLICKS-', 682633)
('ADV CLICKS', 682638)
('LIS CLICKS', 686787)
('RLIS CLICKS', 682638)
Date-  2016-06-07
('PUB CLICKS-', 743936)
('ADV CLICKS', 743940)
('LIS CLICKS', 743940)
('RLIS CLICKS', 743943)
('ADV IMPR', 165971392)
('LIS IMPR', 165971392)
('RLIS IMPR', 165971493)
Date-  2016-06-08
('PUB CLICKS-', 763968)
('ADV CLICKS', 763970)
('LIS CLICKS', 763966)
('RLIS CLICKS', 763970)
('ADV IMPR', 166132820)
('LIS IMPR', 165970072)
('RLIS IMPR', 166132820)
Date-  2016-06-09
('PUB CLICKS-', 853131)
('ADV CLICKS', 853132)
('LIS CLICKS', 853137)
('RLIS CLICKS', 853132)
('ADV IMPR', 157116951)
('LIS IMPR', 157075756)
('RLIS IMPR', 157116951)
Date-  2016-06-10
('PUB CLICKS-', 728894)
('ADV CLICKS', 728899)
('LIS CLICKS', 712625)
('RLIS CLICKS', 715857)
('ADV IMPR', 147825189)
('LIS IMPR', 144250921)
('RLIS IMPR', 145098057)
Date-  2016-06-11
('PUB CLICKS-', 838428)
('ADV CLICKS', 838428)
('LIS CLICKS', 838430)
('RLIS CLICKS', 838428)
('ADV IMPR', 153067933)
('LIS IMPR', 153060754)
('RLIS IMPR', 153067935)
Date-  2016-06-12
('PUB CLICKS-', 883795)
('ADV CLICKS', 883803)
('LIS CLICKS', 883807)
('RLIS CLICKS', 883803)
('ADV IMPR', 175731623)
('LIS IMPR', 175604490)
('RLIS IMPR', 175731623)
Date-  2016-06-13
('PUB CLICKS-', 862674)
('ADV CLICKS', 862674)
('LIS CLICKS', 862677)
('RLIS CLICKS', 862674)
('ADV IMPR', 176454950)
('LIS IMPR', 176317254)
('RLIS IMPR', 176454950)
('ADV SPEND', 2054873566.8261871)
('PUB SPEND', 2054873566.8261862)
Date-  2016-06-14
('PUB CLICKS-', 800088)
('ADV CLICKS', 800090)
('LIS CLICKS', 800807)
('RLIS CLICKS', 800094)
('ADV IMPR', 171769608)
('LIS IMPR', 171779781)
('RLIS IMPR', 171769667)
('ADV SPEND', 2084316932.9155133)
('PUB SPEND', 2084316967.4355121)
('PUB Impr', 90671751)
Date-  2016-06-15
Connecting to redis
Connecting to Cassandra
Connecting to MySQL
Writing to log file
Connecting to MySQL
Connection to Redis
clickCountRedis 20160616
('PUB CLICKS-', 845908)
('ADV CLICKS', 845909)
('LIS CLICKS', 845914)
('RLIS CLICKS', 845916)
('ADV IMPR', 196565394)
('LIS IMPR', 196473206)
('RLIS IMPR', 196458359)
('ADV SPEND', 2223705722.0972843)
('PUB SPEND', 2223693962.0972838)
('PUB Impr', 100976131)
('PUB SD', 9320723.0)
('ADV SD', 4608333.333333333)
Date-  2016-06-16
clickCountRedis 20160617
('PUB CLICKS-', 830417)
('ADV CLICKS', 830421)
('LIS CLICKS', 830422)
('RLIS CLICKS', 830421)
('ADV IMPR', 176965154)
('LIS IMPR', 176953508)
('RLIS IMPR', 176965153)
('ADV SPEND', 2237635582.6446981)
('PUB SPEND', 2237635582.6446977)
('PUB Impr', 78660952)
('PUB SD', 66984268.0)
('ADV SD', 7141791.666666666)
Date-  2016-06-17
clickCountRedis 20160618
('PUB CLICKS-', 978336)
('ADV CLICKS', 978336)
('LIS CLICKS', 978336)
('RLIS CLICKS', 978336)
('ADV IMPR', 205619639)
('LIS IMPR', 205612579)
('RLIS IMPR', 205619640)
('ADV SPEND', 2398931134.9440489)
('PUB SPEND', 2398931134.9440475)
('PUB Impr', 122997046)
('PUB SD', 1433320.0)
('ADV SD', 933333.33333333326)
Date-  2016-06-18
clickCountRedis 20160619
('PUB CLICKS-', 848969)
('ADV CLICKS', 848969)
('LIS CLICKS', 634575)
('RLIS CLICKS', 634575)
('ADV IMPR', 141817316)
('LIS IMPR', 100861639)
('RLIS IMPR', 100861639)
('ADV SPEND', 2512023576.4250073)
('PUB SPEND', 2512126995.9650049)
('PUB Impr', 67726016)
('PUB SD', 60000000.0)
('ADV SD', 5533333.333333333)
Date-  2016-06-19
clickCountRedis 20160620
('PUB CLICKS-', 954706)
('ADV CLICKS', 954706)
('LIS CLICKS', 902616)
('RLIS CLICKS', 950826)
('ADV IMPR', 200994462)
('LIS IMPR', 198081349)
('RLIS IMPR', 199163609)
('ADV SPEND', 2316877439.9001012)
('PUB SPEND', 2316877439.9001012)
('PUB Impr', 100399741)
('PUB SD', 66346777.0)
('ADV SD', 22320958.333333336)
Date-  2016-06-20
clickCountRedis 20160621
('PUB CLICKS-', 926619)
('ADV CLICKS', 926619)
('LIS CLICKS', 926621)
('RLIS CLICKS', 926620)
('ADV IMPR', 190484282)
('LIS IMPR', 190439475)
('RLIS IMPR', 190484297)
('ADV SPEND', 2237065511.0546489)
('PUB SPEND', 2237065511.054647)
('PUB Impr', 93736838)
('PUB SD', 8691297528.333334)
('ADV SD', 136282157.08333334)
Date-  2016-06-21
clickCountRedis 20160622
('PUB CLICKS-', 977333)
('ADV CLICKS', 977335)
('LIS CLICKS', 977619)
('RLIS CLICKS', 977335)
('ADV IMPR', 205836598)
('LIS IMPR', 205897098)
('RLIS IMPR', 205836598)
('ADV SPEND', 2299641028.6729288)
('PUB SPEND', 2299637028.6729283)
('PUB Impr', 115469387)
('PUB SD', 10046025121.666668)
('ADV SD', 223357691.66666666)
Date-  2016-06-22
clickCountRedis 20160623
('PUB CLICKS-', 900275)
('ADV CLICKS', 900276)
('LIS CLICKS', 900276)
('RLIS CLICKS', 900276)
('ADV IMPR', 170701526)
('LIS IMPR', 170695794)
('RLIS IMPR', 170701526)
('ADV SPEND', 2119568363.3992915)
('PUB SPEND', 2119556603.3992894)
('PUB Impr', 73853841)
('PUB SD', 4155887833.3333325)
('ADV SD', 111690291.66666667)
Date-  2016-06-23
clickCountRedis 20160624
('PUB CLICKS-', 983176)
('ADV CLICKS', 983176)
('LIS CLICKS', 983176)
('RLIS CLICKS', 983176)
('ADV IMPR', 200926712)
('LIS IMPR', 200825731)
('RLIS IMPR', 200831012)
('ADV SPEND', 2345731902.4854889)
('PUB SPEND', 2345731872.4854884)
('PUB Impr', 99024946)
('PUB SD', 8266543666.666667)
('ADV SD', 151417041.66666666)
Date-  2016-06-24
clickCountRedis 20160625
('PUB CLICKS-', 819845)
('ADV CLICKS', 819853)
('LIS CLICKS', 819853)
('RLIS CLICKS', 819853)
('ADV IMPR', 167723007)
('LIS IMPR', 167728671)
('RLIS IMPR', 167723007)
('ADV SPEND', 2135309626.0651305)
('PUB SPEND', 2135309626.065129)
('PUB Impr', 82592191)
('PUB SD', 8417751000.0)
('ADV SD', 150708416.66666666)
Date-  2016-06-25
clickCountRedis 20160626
('PUB CLICKS-', 799447)
('ADV CLICKS', 799451)
('LIS CLICKS', 799451)
('RLIS CLICKS', 799451)
('ADV IMPR', 152413082)
('LIS IMPR', 152414738)
('RLIS IMPR', 152413082)
('ADV SPEND', 2126212909.018729)
('PUB SPEND', 2126212909.0187285)
('PUB Impr', 80765148)
('PUB SD', 77001000.0)
('ADV SD', 7000083.333333333)
Date-  2016-06-26
clickCountRedis 20160627
('PUB CLICKS-', 800239)
('ADV CLICKS', 800239)
('LIS CLICKS', 800239)
('RLIS CLICKS', 800239)
('ADV IMPR', 186959823)
('LIS IMPR', 186986707)
('RLIS IMPR', 186982503)
('ADV SPEND', 2443695173.3709736)
('PUB SPEND', 2443695173.3709731)
('PUB Impr', 88408208)
('PUB SD', 77667666.666666672)
('ADV SD', 11541999.583333334)
Date-  2016-06-27
clickCountRedis 20160628
('PUB CLICKS-', 836552)
('ADV CLICKS', 850396)
('LIS CLICKS', 850397)
('RLIS CLICKS', 836509)
('ADV IMPR', 182872990)
('LIS IMPR', 182895423)
('RLIS IMPR', 179121761)
('ADV SPEND', 2357860426.1958961)
('PUB SPEND', 2296370548.2341218)
('PUB Impr', 74738015)
('PUB SD', 8194793650.0)
('ADV SD', 258180879.16666666)
Date-  2016-06-28
Date-  2016-06-29
('PUB CLICKS-', 953270)
('ADV CLICKS', 953271)
('LIS CLICKS', 953271)
('RLIS CLICKS', 953271)
('ADV IMPR', 210070620)
('LIS IMPR', 210083646)
('RLIS IMPR', 210070621)
('ADV SPEND', 2615237184.5530744)
('PUB SPEND', 2615237184.5530753)
('PUB Impr', 95750879)
('PUB SD', 9359265244.166666)
('ADV SD', 186319700.83333334)
Date-  2016-06-30
('PUB CLICKS-', 815419)
('ADV CLICKS', 815419)
('LIS CLICKS', 815418)
('RLIS CLICKS', 815419)
('ADV IMPR', 190758792)
('LIS IMPR', 190769922)
('RLIS IMPR', 190758792)
('ADV SPEND', 2455892532.8988075)
('PUB SPEND', 2455892532.8988066)
('PUB Impr', 90227344)
('PUB SD', 19434107877.010227)
('ADV SD', 167708458.75)
Date-  2016-07-01
('PUB CLICKS-', 892722)
('ADV CLICKS', 892731)
('LIS CLICKS', 892729)
('RLIS CLICKS', 855175)
('ADV IMPR', 169388917)
('LIS IMPR', 169426250)
('RLIS IMPR', 160785731)
('ADV SPEND', 1940354861.0133433)
('PUB SPEND', 1940337101.0133431)
('PUB Impr', 78926703)
('PUB SD', 159708333.33333352)
('ADV SD', 159708333.33333334)
Date-  2016-07-02
('PUB CLICKS-', 1061613)
('ADV CLICKS', 1061619)
('LIS CLICKS', 1061619)
('RLIS CLICKS', 1061619)
('ADV IMPR', 172715751)
('LIS IMPR', 172722577)
('RLIS IMPR', 172715751)
('ADV SPEND', 2008555932.9055417)
('PUB SPEND', 2008547332.9055429)
('PUB Impr', 92610722)
('PUB SD', 143750000.0)
('ADV SD', 143750000.0)
2016-07-02 , 172715751 , 1061619 , 2008555932.91 , 143750000.0 ,, 92610722 , 1061613 , 2008547332.91 , 143750000.0 ,, 172722577 , 1061619 , 172715751 , 1061619
Date-  2016-07-03
('PUB CLICKS-', 896627)
('ADV CLICKS', 896634)
('LIS CLICKS', 896634)
('RLIS CLICKS', 896634)
('ADV IMPR', 143477732)
('LIS IMPR', 143483622)
('RLIS IMPR', 143477731)
('ADV SPEND', 1915416327.0901384)
('PUB SPEND', 1915394327.0901372)
('PUB Impr', 69977067)
('PUB SD', 3125000.0)
('ADV SD', 3125000.0)
2016-07-03 , 143477732 , 896634 , 1915416327.09 , 3125000.0 ,, 69977067 , 896627 , 1915394327.09 , 3125000.0 ,, 143483622 , 896634 , 143477731 , 896634
Date-  2016-07-04
('PUB CLICKS-', 888277)
('ADV CLICKS', 888279)
('LIS CLICKS', 888279)
('RLIS CLICKS', 888279)
('ADV IMPR', 177478158)
('LIS IMPR', 177489383)
('RLIS IMPR', 177478159)
('ADV SPEND', 2128794028.7007451)
('PUB SPEND', 2128758028.7007453)
('PUB Impr', 81198594)
('PUB SD', 0.0)
('ADV SD', 0.0)
2016-07-04 , 177478158 , 888279 , 2128794028.7 , 0.0 ,, 81198594 , 888277 , 2128758028.7 , 0.0 ,, 177489383 , 888279 , 177478159 , 888279
Date-  2016-07-05
('PUB CLICKS-', 941148)
('ADV CLICKS', 941156)
('LIS CLICKS', 941156)
('RLIS CLICKS', 914777)
('ADV IMPR', 196474286)
('LIS IMPR', 196523937)
('RLIS IMPR', 191054110)
('ADV SPEND', 2180191319.7470655)
('PUB SPEND', 2180191319.7470632)
('PUB Impr', 88520915)
('PUB SD', 3458416.6666666665)
('ADV SD', 3458416.6666666665)
2016-07-05 , 196474286 , 941156 , 2180191319.75 , 3458416.66667 ,, 88520915 , 941148 , 2180191319.75 , 3458416.66667 ,, 196523937 , 941156 , 191054110 , 914777
Date-  2016-07-06
('PUB CLICKS-', 979902)
('ADV CLICKS', 979902)
('LIS CLICKS', 979902)
('RLIS CLICKS', 979902)
('ADV IMPR', 180129769)
('LIS IMPR', 180139042)
('RLIS IMPR', 180129769)
('ADV SPEND', 1882553229.3560419)
('PUB SPEND', 1882553229.3560424)
('PUB Impr', 83922380)
('PUB SD', 137750166.66666675)
('ADV SD', 137750166.66666666)
2016-07-06 , 180129769 , 979902 , 1882553229.36 , 137750166.667 ,, 83922380 , 979902 , 1882553229.36 , 137750166.667 ,, 180139042 , 979902 , 180129769 , 979902
Date-  2016-07-07
('PUB CLICKS-', 1023372)
('ADV CLICKS', 1023375)
('LIS CLICKS', 1023376)
('RLIS CLICKS', 1023375)
('ADV IMPR', 172785517)
('LIS IMPR', 172797584)
('RLIS IMPR', 172785517)
('ADV SPEND', 1993659129.0502102)
('PUB SPEND', 1993659129.0502093)
('PUB Impr', 78484407)
('PUB SD', 41708.333333333336)
('ADV SD', 41708.333333333336)
2016-07-07 , 172785517 , 1023375 , 1993659129.05 , 41708.3333333 ,, 78484407 , 1023372 , 1993659129.05 , 41708.3333333 ,, 172797584 , 1023376 , 172785517 , 1023375
Date-  2016-07-08
('PUB CLICKS-', 1032638)
('ADV CLICKS', 1032640)
('LIS CLICKS', 1032640)
('RLIS CLICKS', 1032640)
('ADV IMPR', 168635787)
('LIS IMPR', 168646818)
('RLIS IMPR', 168635789)
('ADV SPEND', 1977348533.2006035)
('PUB SPEND', 1977346533.200603)
('PUB Impr', 80021316)
('PUB SD', 0.0)
('ADV SD', 0.0)
2016-07-08 , 168635787 , 1032640 , 1977348533.2 , 0.0 ,, 80021316 , 1032638 , 1977346533.2 , 0.0 ,, 168646818 , 1032640 , 168635789 , 1032640
Date-  2016-07-09
('PUB CLICKS-', 1005121)
('ADV CLICKS', 1005125)
('LIS CLICKS', 1005129)
('RLIS CLICKS', 1005125)
('ADV IMPR', 145225522)
('LIS IMPR', 145191165)
('RLIS IMPR', 145225520)
('ADV SPEND', 1763258353.3059459)
('PUB SPEND', 1763258353.3059447)
('PUB Impr', 70046117)
('PUB SD', 0.0)
('ADV SD', 0.0)
2016-07-09 , 145225522 , 1005125 , 1763258353.31 , 0.0 ,, 70046117 , 1005121 , 1763258353.31 , 0.0 ,, 145191165 , 1005129 , 145225520 , 1005125
Date-  2016-07-10
('PUB CLICKS-', 989654)
('ADV CLICKS', 989658)
('LIS CLICKS', 989656)
('RLIS CLICKS', 908699)
('ADV IMPR', 134320216)
('LIS IMPR', 134259725)
('RLIS IMPR', 121874340)
('ADV SPEND', 1706045334.4144237)
('PUB SPEND', 1706032034.4144232)
('PUB Impr', 64058400)
('PUB SD', 0.0)
('ADV SD', 0.0)
2016-07-10 , 134320216 , 989658 , 1706045334.41 , 0.0 ,, 64058400 , 989654 , 1706032034.41 , 0.0 ,, 134259725 , 989656 , 121874340 , 908699
Date-  2016-07-11
('PUB CLICKS-', 973195)
('ADV CLICKS', 973196)
('LIS CLICKS', 973197)
('RLIS CLICKS', 973196)
('ADV IMPR', 171826466)
('LIS IMPR', 171792038)
('RLIS IMPR', 171826466)
('ADV SPEND', 1887343068.4895227)
('PUB SPEND', 1887341668.4895215)
('PUB Impr', 77904858)
('PUB SD', 0.0)
('ADV SD', 0.0)
2016-07-11 , 171826466 , 973196 , 1887343068.49 , 0.0 ,, 77904858 , 973195 , 1887341668.49 , 0.0 ,, 171792038 , 973197 , 171826466 , 973196
Date-  2016-07-12
('PUB CLICKS-', 1100074)
('ADV CLICKS', 1100074)
('LIS CLICKS', 1100074)
('RLIS CLICKS', 1073090)
('ADV IMPR', 197041366)
('LIS IMPR', 197106886)
('RLIS IMPR', 191186632)
('ADV SPEND', 2159316608.9032516)
('PUB SPEND', 2159316938.9032502)
('PUB Impr', 91231359)
('PUB SD', 215624999.99999985)
('ADV SD', 215625000.00000003)
2016-07-12 , 197041366 , 1100074 , 2159316608.9 , 215625000.0 ,, 91231359 , 1100074 , 2159316938.9 , 215625000.0 ,, 197106886 , 1100074 , 191186632 , 1073090
Date-  2016-07-13
('PUB CLICKS-', 956675)
('ADV CLICKS', 956675)
('LIS CLICKS', 956675)
('RLIS CLICKS', 956675)
('ADV IMPR', 180772325)
('LIS IMPR', 180783482)
('RLIS IMPR', 180772319)
('ADV SPEND', 1995534381.0347168)
('PUB SPEND', 1995534381.0347166)
('PUB Impr', 81510963)
('PUB SD', 137238166.66666675)
('ADV SD', 137238166.66666663)
2016-07-13 , 180772325 , 956675 , 1995534381.03 , 137238166.667 ,, 81510963 , 956675 , 1995534381.03 , 137238166.667 ,, 180783482 , 956675 , 180772319 , 956675
Date-  2016-07-14
('PUB CLICKS-', 734338)
('ADV CLICKS', 734342)
('LIS CLICKS', 734342)
('RLIS CLICKS', 734342)
('ADV IMPR', 201315798)
('LIS IMPR', 201329660)
('RLIS IMPR', 201315804)
('ADV SPEND', 2214692417.2890139)
('PUB SPEND', 2214684417.2890148)
('PUB Impr', 102353165)
('PUB SD', 216682958.33333337)
('ADV SD', 216682958.33333337)
2016-07-14 , 201315798 , 734342 , 2214692417.29 , 216682958.333 ,, 102353165 , 734338 , 2214684417.29 , 216682958.333 ,, 201329660 , 734342 , 201315804 , 734342
StrictRedis<SentinelConnectionPool<service=mymaster(master)>
Date-  2016-07-15
('PUB CLICKS-', 802995)
('ADV CLICKS', 802995)
('LIS CLICKS', 802992)
('RLIS CLICKS', 773098)
('ADV IMPR', 196699863)
('LIS IMPR', 196633961)
('RLIS IMPR', 189901986)
('ADV SPEND', 2172363476.1147852)
('PUB SPEND', 2172363875.8447843)
('PUB Impr', 95766106)
('PUB SD', 225615840.8333331)
('ADV SD', 225615840.83333325)
2016-07-15 , 196699863 , 802995 , 2172363476.11 , 225615840.833 ,, 95766106 , 802995 , 2172363875.84 , 225615840.833 ,, 196633961 , 802992 , 189901986 , 773098
StrictRedis<SentinelConnectionPool<service=mymaster(master)>
Date-  2016-07-16
('PUB CLICKS-', 824942)
('ADV CLICKS', 824942)
('LIS CLICKS', 824942)
('RLIS CLICKS', 824942)
('ADV IMPR', 180371951)
('LIS IMPR', 180379577)
('RLIS IMPR', 180371951)
('ADV SPEND', 2087493713.0507231)
('PUB SPEND', 2087493713.0507226)
('PUB Impr', 92156139)
('PUB SD', 9803944.1666666623)
('ADV SD', 9803944.166666666)
2016-07-16 , 180371951 , 824942 , 2087493713.05 , 9803944.16667 ,, 92156139 , 824942 , 2087493713.05 , 9803944.16667 ,, 180379577 , 824942 , 180371951 , 824942
StrictRedis<SentinelConnectionPool<service=mymaster(master)>
Date-  2016-07-17
('PUB CLICKS-', 879480)
('ADV CLICKS', 879484)
('LIS CLICKS', 879484)
('RLIS CLICKS', 879484)
('ADV IMPR', 161806920)
('LIS IMPR', 161812975)
('RLIS IMPR', 161806920)
('ADV SPEND', 2012839334.383492)
('PUB SPEND', 2012839334.3834925)
('PUB Impr', 85158712)
('PUB SD', 3125000.0)
('ADV SD', 3125000.0)
2016-07-17 , 161806920 , 879484 , 2012839334.38 , 3125000.0 ,, 85158712 , 879480 , 2012839334.38 , 3125000.0 ,, 161812975 , 879484 , 161806920 , 879484
Date-  2016-07-18
('PUB CLICKS-', 1118148)
('ADV CLICKS', 1118148)
('LIS CLICKS', 1118148)
('RLIS CLICKS', 1118148)
('ADV IMPR', 191715773)
('LIS IMPR', 191727308)
('RLIS IMPR', 191715773)
('ADV SPEND', 2048227455.689842)
('PUB SPEND', 2048227455.689842)
('PUB Impr', 87716489)
('PUB SD', 215833541.66666684)
('ADV SD', 215833541.66666669)
2016-07-18 , 191715773 , 1118148 , 2048227455.69 , 215833541.667 ,, 87716489 , 1118148 , 2048227455.69 , 215833541.667 ,, 191727308 , 1118148 , 191715773 , 1118148
Date-  2016-07-19
('PUB CLICKS-', 1479415)
('ADV CLICKS', 1479421)
('LIS CLICKS', 1479420)
('RLIS CLICKS', 1479420)
('ADV IMPR', 204644026)
('LIS IMPR', 204654688)
('RLIS IMPR', 204644025)
('ADV SPEND', 2148235277.3765516)
('PUB SPEND', 2148217077.3765516)
('PUB Impr', 102320925)
('PUB SD', 167013882.50000015)
('ADV SD', 167013882.5)
2016-07-19 , 204644026 , 1479421 , 2148235277.38 , 167013882.5 ,, 102320925 , 1479415 , 2148217077.38 , 167013882.5 ,, 204654688 , 1479420 , 204644025 , 1479420
Date-  2016-07-20
('PUB CLICKS-', 1275580)
('ADV CLICKS', 1275583)
('LIS CLICKS', 1275571)
('RLIS CLICKS', 1250271)
('ADV IMPR', 186430628)
('LIS IMPR', 186319484)
('RLIS IMPR', 181733492)
('ADV SPEND', 2112774655.5377548)
('PUB SPEND', 2112777555.5377548)
('PUB Impr', 84851976)
('PUB SD', 128168680.4166667)
('ADV SD', 128168680.41666663)
2016-07-20 , 186430628 , 1275583 , 2112774655.54 , 128168680.417 ,, 84851976 , 1275580 , 2112777555.54 , 128168680.417 ,, 186319484 , 1275571 , 181733492 , 1250271
Date-  2016-07-21
('PUB CLICKS-', 1417178)
('ADV CLICKS', 1417179)
('LIS CLICKS', 1417179)
('RLIS CLICKS', 1417179)
('ADV IMPR', 209402549)
('LIS IMPR', 209414181)
('RLIS IMPR', 209402549)
('ADV SPEND', 2457865379.1461172)
('PUB SPEND', 2457862837.7174597)
('PUB Impr', 105655428)
('PUB SD', 63751285.833333343)
('ADV SD', 66529063.333333336)
2016-07-21 , 209402549 , 1417179 , 2457865379.15 , 66529063.3333 ,, 105655428 , 1417178 , 2457862837.72 , 63751285.8333 ,, 209414181 , 1417179 , 209402549 , 1417179
Date-  2016-07-22
('PUB CLICKS-', 1541406)
('ADV CLICKS', 1541410)
('LIS CLICKS', 1541410)
('RLIS CLICKS', 1541410)
('ADV IMPR', 242667594)
('LIS IMPR', 242678408)
('RLIS IMPR', 242667594)
('ADV SPEND', 2301138555.638484)
('PUB SPEND', 2301130555.6384835)
('PUB Impr', 133801018)
('PUB SD', 124613041.66666663)
('ADV SD', 124613041.66666663)
2016-07-22 , 242667594 , 1541410 , 2301138555.64 , 124613041.667 ,, 133801018 , 1541406 , 2301130555.64 , 124613041.667 ,, 242678408 , 1541410 , 242667594 , 1541410
Date-  2016-07-23
('PUB CLICKS-', 1550695)
('ADV CLICKS', 1550697)
('LIS CLICKS', 1550698)
('RLIS CLICKS', 1550697)
('ADV IMPR', 202707325)
('LIS IMPR', 202714915)
('RLIS IMPR', 202707325)
('ADV SPEND', 2168129487.6134605)
('PUB SPEND', 2168129487.6134596)
('PUB Impr', 114192420)
('PUB SD', 516000.0)
('ADV SD', 516000.0)
2016-07-23 , 202707325 , 1550697 , 2168129487.61 , 516000.0 ,, 114192420 , 1550695 , 2168129487.61 , 516000.0 ,, 202714915 , 1550698 , 202707325 , 1550697
Date-  2016-07-24
('PUB CLICKS-', 1492435)
('ADV CLICKS', 1492435)
('LIS CLICKS', 1492435)
('RLIS CLICKS', 1492435)
('ADV IMPR', 187834106)
('LIS IMPR', 187840841)
('RLIS IMPR', 187834106)
('ADV SPEND', 2096844639.1065168)
('PUB SPEND', 2096844639.1065159)
('PUB Impr', 105425379)
('PUB SD', 0.0)
('ADV SD', 0.0)
2016-07-24 , 187834106 , 1492435 , 2096844639.11 , 0.0 ,, 105425379 , 1492435 , 2096844639.11 , 0.0 ,, 187840841 , 1492435 , 187834106 , 1492435
Date-  2016-07-25
('PUB CLICKS-', 1342473)
('ADV CLICKS', 1342473)
('LIS CLICKS', 1342474)
('RLIS CLICKS', 1298504)
('ADV IMPR', 210825979)
('LIS IMPR', 210860641)
('RLIS IMPR', 203585974)
('ADV SPEND', 2213414567.6578436)
('PUB SPEND', 2213414930.6578441)
('PUB Impr', 102494901)
('PUB SD', 0.0)
('ADV SD', 0.0)
2016-07-25 , 210825979 , 1342473 , 2213414567.66 , 0.0 ,, 102494901 , 1342473 , 2213414930.66 , 0.0 ,, 210860641 , 1342474 , 203585974 , 1298504
Date-  2016-07-26
('PUB CLICKS-', 1321922)
('ADV CLICKS', 1321925)
('LIS CLICKS', 1321926)
('RLIS CLICKS', 1321925)
('ADV IMPR', 194483092)
('LIS IMPR', 194470620)
('RLIS IMPR', 194483086)
('ADV SPEND', 2083245257.0045643)
('PUB SPEND', 2083238657.0045638)
('PUB Impr', 88315133)
('PUB SD', 250804958.3333334)
('ADV SD', 250804958.3333334)
2016-07-26 , 194483092 , 1321925 , 2083245257.0 , 250804958.333 ,, 88315133 , 1321922 , 2083238657.0 , 250804958.333 ,, 194470620 , 1321926 , 194483086 , 1321925
Date-  2016-07-27
('PUB CLICKS-', 1353475)
('ADV CLICKS', 1353475)
('LIS CLICKS', 1353475)
('RLIS CLICKS', 1353475)
('ADV IMPR', 187315233)
('LIS IMPR', 187305278)
('RLIS IMPR', 187315233)
('ADV SPEND', 1962497340.0673521)
('PUB SPEND', 1962497340.0673513)
('PUB Impr', 88100285)
('PUB SD', 194013875.00000003)
('ADV SD', 194013875.00000006)
2016-07-27 , 187315233 , 1353475 , 1962497340.07 , 194013875.0 ,, 88100285 , 1353475 , 1962497340.07 , 194013875.0 ,, 187305278 , 1353475 , 187315233 , 1353475
Date-  2016-07-28
('PUB CLICKS-', 1337202)
('ADV CLICKS', 1337202)
('LIS CLICKS', 1337203)
('RLIS CLICKS', 1337202)
('ADV IMPR', 182510887)
('LIS IMPR', 182498157)
('RLIS IMPR', 182510887)
('ADV SPEND', 1999526428.8034739)
('PUB SPEND', 1999526428.8034739)
('PUB Impr', 87012362)
('PUB SD', 7333333.333333333)
('ADV SD', 7333333.333333334)
2016-07-28 , 182510887 , 1337202 , 1999526428.8 , 7333333.33333 ,, 87012362 , 1337202 , 1999526428.8 , 7333333.33333 ,, 182498157 , 1337203 , 182510887 , 1337202
Date-  2016-07-29
('PUB CLICKS-', 974799)
('ADV CLICKS', 974799)
('LIS CLICKS', 974799)
('RLIS CLICKS', 974799)
('ADV IMPR', 195511377)
('LIS IMPR', 195522880)
('RLIS IMPR', 195511377)
('ADV SPEND', 2154713027.7144017)
('PUB SPEND', 2154713027.7144012)
('PUB Impr', 95848569)
('PUB SD', 348512291.66666675)
('ADV SD', 348512291.66666675)
2016-07-29 , 195511377 , 974799 , 2154713027.71 , 348512291.667 ,, 95848569 , 974799 , 2154713027.71 , 348512291.667 ,, 195522880 , 974799 , 195511377 , 974799
Date-  2016-07-30
('PUB CLICKS-', 993500)
('ADV CLICKS', 993499)
('LIS CLICKS', 993487)
('RLIS CLICKS', 955777)
('ADV IMPR', 194062773)
('LIS IMPR', 193994745)
('RLIS IMPR', 185080475)
('ADV SPEND', 2263981951.1821661)
('PUB SPEND', 2263992951.1821656)
('PUB Impr', 104251535)
('PUB SD', 7333333.3333333358)
('ADV SD', 7333333.333333333)
2016-07-30 , 194062773 , 993499 , 2263981951.18 , 7333333.33333 ,, 104251535 , 993500 , 2263992951.18 , 7333333.33333 ,, 193994745 , 993487 , 185080475 , 955777
Date-  2016-07-31
('PUB CLICKS-', 1036397)
('ADV CLICKS', 1036397)
('LIS CLICKS', 1036397)
('RLIS CLICKS', 1036397)
('ADV IMPR', 190304244)
('LIS IMPR', 190310183)
('RLIS IMPR', 190304244)
('ADV SPEND', 2210969624.163002)
('PUB SPEND', 2210969624.1630015)
('PUB Impr', 110060027)
('PUB SD', 1916666.666666666)
('ADV SD', 1916666.666666666)
2016-07-31 , 190304244 , 1036397 , 2210969624.16 , 1916666.66667 ,, 110060027 , 1036397 , 2210969624.16 , 1916666.66667 ,, 190310183 , 1036397 , 190304244 , 1036397
Date-  2016-08-01
('PUB CLICKS-', 1072011)
('ADV CLICKS', 1072015)
('LIS CLICKS', 1072015)
('RLIS CLICKS', 1072015)
('ADV IMPR', 208737276)
('LIS IMPR', 208749916)
('RLIS IMPR', 208737276)
('ADV SPEND', 1789047948.3469882)
('PUB SPEND', 1789039948.3469877)
('PUB Impr', 112773962)
('PUB SD', 255388882.50000006)
('ADV SD', 255388882.50000006)
2016-08-01 , 208737276 , 1072015 , 1789047948.35 , 255388882.5 ,, 112773962 , 1072011 , 1789039948.35 , 255388882.5 ,, 208749916 , 1072015 , 208737276 , 1072015
Date-  2016-08-02
('PUB CLICKS-', 1409920)
('ADV CLICKS', 1409921)
('LIS CLICKS', 1409921)
('RLIS CLICKS', 1409921)
('ADV IMPR', 201093162)
('LIS IMPR', 201105013)
('RLIS IMPR', 201093162)
('ADV SPEND', 1784034771.9753778)
('PUB SPEND', 1784034771.9753783)
('PUB Impr', 99108134)
('PUB SD', 267610472.08333337)
('ADV SD', 267610472.08333337)
2016-08-02 , 201093162 , 1409921 , 1784034771.98 , 267610472.083 ,, 99108134 , 1409920 , 1784034771.98 , 267610472.083 ,, 201105013 , 1409921 , 201093162 , 1409921
Date-  2016-08-03
('PUB CLICKS-', 1448772)
('ADV CLICKS', 1448772)
('LIS CLICKS', 1448772)
('RLIS CLICKS', 1448772)
('ADV IMPR', 220826468)
('LIS IMPR', 220838248)
('RLIS IMPR', 220826468)
('ADV SPEND', 1906761669.199719)
('PUB SPEND', 1906761669.1997187)
('PUB Impr', 113530448)
('PUB SD', 256777757.50000012)
('ADV SD', 256777757.50000003)
2016-08-03 , 220826468 , 1448772 , 1906761669.2 , 256777757.5 ,, 113530448 , 1448772 , 1906761669.2 , 256777757.5 ,, 220838248 , 1448772 , 220826468 , 1448772
Date-  2016-08-04
('PUB CLICKS-', 1343648)
('ADV CLICKS', 1343649)
('LIS CLICKS', 1238367)
('RLIS CLICKS', 1238284)
('ADV IMPR', 226669748)
('LIS IMPR', 210572993)
('RLIS IMPR', 210559481)
('ADV SPEND', 2178962367.0074339)
('PUB SPEND', 2178962367.0074325)
('PUB Impr', 115435914)
('PUB SD', 252131937.91666657)
('ADV SD', 252131937.91666663)
('PUB CONV', 14807)
('ADV CONV', 14807)
2016-08-04 , 226669748 , 1343649 , 2178962367.01 , 252131937.917 ,, 115435914 , 1343648 , 2178962367.01 , 252131937.917 ,, 210572993 , 1238367 , 210559481 , 1238284 , 14807 , 14807
Date-  2016-08-05
('PUB CLICKS-', 1293328)
('ADV CLICKS', 1293332)
('LIS CLICKS', 1281805)
('RLIS CLICKS', 1262639)
('ADV IMPR', 208685936)
('LIS IMPR', 207300251)
('RLIS IMPR', 205293108)
('ADV SPEND', 1916566284.886802)
('PUB SPEND', 1916566284.8868024)
('PUB Impr', 106232922)
('PUB SD', 255833333.33333334)
('ADV SD', 255833333.33333328)
('PUB CONV', 17066)
('ADV CONV', 17066)
2016-08-05 , 208685936 , 1293332 , 1916566284.89 , 255833333.333 ,, 106232922 , 1293328 , 1916566284.89 , 255833333.333 ,, 207300251 , 1281805 , 205293108 , 1262639 , 17066 , 17066
Date-  2016-08-06
('PUB CLICKS-', 1448557)
('ADV CLICKS', 1448557)
('LIS CLICKS', 1448558)
('RLIS CLICKS', 1448557)
('ADV IMPR', 175705499)
('LIS IMPR', 175712544)
('RLIS IMPR', 175705499)
('ADV SPEND', 1654209565.5750208)
('PUB SPEND', 1654209565.575021)
('PUB Impr', 93542855)
('PUB SD', 252312500.00000012)
('ADV SD', 252312499.99999997)
('PUB CONV', 19277)
('ADV CONV', 19278)
2016-08-06 , 175705499 , 1448557 , 1654209565.58 , 252312500.0 ,, 93542855 , 1448557 , 1654209565.58 , 252312500.0 ,, 175712544 , 1448558 , 175705499 , 1448557 , 19277 , 19278
Date-  2016-08-07
('PUB CLICKS-', 1401090)
('ADV CLICKS', 1401090)
('LIS CLICKS', 1401089)
('RLIS CLICKS', 1401090)
('ADV IMPR', 147721326)
('LIS IMPR', 147727096)
('RLIS IMPR', 147721326)
('ADV SPEND', 1529868595.6194899)
('PUB SPEND', 1529868595.6194906)
('PUB Impr', 76720054)
('PUB SD', 251729166.66666672)
('ADV SD', 251729166.66666663)
('PUB CONV', 17433)
('ADV CONV', 17433)
2016-08-07 , 147721326 , 1401090 , 1529868595.62 , 251729166.667 ,, 76720054 , 1401090 , 1529868595.62 , 251729166.667 ,, 147727096 , 1401089 , 147721326 , 1401090 , 17433 , 17433
Date-  2016-08-08
('PUB CLICKS-', 1410580)
('ADV CLICKS', 1410588)
('LIS CLICKS', 1410588)
('RLIS CLICKS', 1410588)
('ADV IMPR', 188994912)
('LIS IMPR', 189006701)
('RLIS IMPR', 188994912)
('ADV SPEND', 1683876496.3886075)
('PUB SPEND', 1683870896.3886075)
('PUB Impr', 91844608)
('PUB SD', 151395498.33333343)
('ADV SD', 151395498.33333334)
('PUB CONV', 15023)
('ADV CONV', 15033)
2016-08-08 , 188994912 , 1410588 , 1683876496.39 , 151395498.333 ,, 91844608 , 1410580 , 1683870896.39 , 151395498.333 ,, 189006701 , 1410588 , 188994912 , 1410588 , 15023 , 15033
Date-  2016-08-08
('PUB CLICKS-', 1410580)
('ADV CLICKS', 1410588)
('LIS CLICKS', 1410588)
('RLIS CLICKS', 1410588)
('ADV IMPR', 188994912)
('LIS IMPR', 189006701)
('RLIS IMPR', 188994912)
('ADV SPEND', 1683876496.3886075)
('PUB SPEND', 1683870896.3886075)
('PUB Impr', 91844608)
('PUB SD', 151395498.33333343)
('ADV SD', 151395498.33333334)
('PUB CONV', 15023)
('ADV CONV', 15033)
2016-08-08 , 188994912 , 1410588 , 1683876496.39 , 151395498.333 ,, 91844608 , 1410580 , 1683870896.39 , 151395498.333 ,, 189006701 , 1410588 , 188994912 , 1410588 , 15023 , 15033
Date-  2016-08-09
('PUB CLICKS-', 1418537)
('ADV CLICKS', 1418538)
('LIS CLICKS', 1418539)
('RLIS CLICKS', 1418538)
('ADV IMPR', 194227942)
('LIS IMPR', 194241012)
('RLIS IMPR', 194227942)
('ADV SPEND', 1806385449.9187291)
('PUB SPEND', 1806382949.9187291)
('PUB Impr', 96178374)
('PUB SD', 154388553.75)
('ADV SD', 154388553.75)
('PUB CONV', 11561)
('ADV CONV', 11566)
2016-08-09 , 194227942 , 1418538 , 1806385449.92 , 154388553.75 ,, 96178374 , 1418537 , 1806382949.92 , 154388553.75 ,, 194241012 , 1418539 , 194227942 , 1418538 , 11561 , 11566
Date-  2016-08-10
('PUB CLICKS-', 1362345)
('ADV CLICKS', 1362346)
('LIS CLICKS', 1362346)
('RLIS CLICKS', 1362346)
('ADV IMPR', 192600939)
('LIS IMPR', 192611264)
('RLIS IMPR', 192600939)
('ADV SPEND', 1819884917.5015106)
('PUB SPEND', 1819884917.5015104)
('PUB Impr', 102799215)
('PUB SD', 186958333.3333334)
('ADV SD', 186958333.3333334)
('PUB CONV', 8653)
('ADV CONV', 8653)
2016-08-10 , 192600939 , 1362346 , 1819884917.5 , 186958333.333 ,, 102799215 , 1362345 , 1819884917.5 , 186958333.333 ,, 192611264 , 1362346 , 192600939 , 1362346 , 8653 , 8653
Date-  2016-08-11
('PUB CLICKS-', 1376455)
('ADV CLICKS', 1376455)
('LIS CLICKS', 1376455)
('RLIS CLICKS', 1376455)
('ADV IMPR', 212716978)
('LIS IMPR', 212600062)
('RLIS IMPR', 212594844)
('ADV SPEND', 1968220045.446306)
('PUB SPEND', 1968220045.4463055)
('PUB Impr', 109640050)
('PUB SD', 184198208.33333331)
('ADV SD', 184198208.33333325)
('PUB CONV', 6737)
('ADV CONV', 6739)
2016-08-11 , 212716978 , 1376455 , 1968220045.45 , 184198208.333 ,, 109640050 , 1376455 , 1968220045.45 , 184198208.333 ,, 212600062 , 1376455 , 212594844 , 1376455 , 6737 , 6739
Date-  2016-08-12
('PUB CLICKS-', 1241522)
('ADV CLICKS', 1241527)
('LIS CLICKS', 1241527)
('RLIS CLICKS', 1241527)
('ADV IMPR', 195769489)
('LIS IMPR', 195780542)
('RLIS IMPR', 195769489)
('ADV SPEND', 1861911898.762486)
('PUB SPEND', 1861910698.7624867)
('PUB Impr', 103141872)
('PUB SD', 95832375.0)
('ADV SD', 95832375.0)
('PUB CONV', 6662)
('ADV CONV', 6663)
2016-08-12 , 195769489 , 1241527 , 1861911898.76 , 95832375.0 ,, 103141872 , 1241522 , 1861910698.76 , 95832375.0 ,, 195780542 , 1241527 , 195769489 , 1241527 , 6662 , 6663
Date-  2016-08-13
('PUB CLICKS-', 1369301)
('ADV CLICKS', 1369306)
('LIS CLICKS', 1369307)
('RLIS CLICKS', 1369306)
('ADV IMPR', 193729939)
('LIS IMPR', 193735938)
('RLIS IMPR', 193729939)
('ADV SPEND', 1721401118.1072278)
('PUB SPEND', 1721400318.1072271)
('PUB Impr', 116490450)
('PUB SD', 1388875.0)
('ADV SD', 1388875.0)
('PUB CONV', 7534)
('ADV CONV', 7537)
2016-08-13 , 193729939 , 1369306 , 1721401118.11 , 1388875.0 ,, 116490450 , 1369301 , 1721400318.11 , 1388875.0 ,, 193735938 , 1369307 , 193729939 , 1369306 , 7534 , 7537
Date-  2016-08-14
('PUB CLICKS-', 1284172)
('ADV CLICKS', 1284172)
('LIS CLICKS', 1284172)
('RLIS CLICKS', 1284172)
('ADV IMPR', 152928013)
('LIS IMPR', 152933419)
('RLIS IMPR', 152928013)
('ADV SPEND', 1666685819.0217285)
('PUB SPEND', 1666685819.0217285)
('PUB Impr', 85894849)
('PUB SD', 0)
('ADV SD', 0)
('PUB CONV', 7745)
('ADV CONV', 7751)
2016-08-14 , 152928013 , 1284172 , 1666685819.02 , 0 ,, 85894849 , 1284172 , 1666685819.02 , 0 ,, 152933419 , 1284172 , 152928013 , 1284172 , 7745 , 7751
Date-  2016-08-15
('PUB CLICKS-', 1199267)
('ADV CLICKS', 1199270)
('LIS CLICKS', 1199269)
('RLIS CLICKS', 1199255)
('ADV IMPR', 143408126)
('LIS IMPR', 143435095)
('RLIS IMPR', 143348978)
('ADV SPEND', 1548440366.3335512)
('PUB SPEND', 1548427366.3335521)
('PUB Impr', 71511559)
('PUB SD', 0)
('ADV SD', 0)
('PUB CONV', 6217)
('ADV CONV', 6218)
2016-08-15 , 143408126 , 1199270 , 1548440366.33 , 0 ,, 71511559 , 1199267 , 1548427366.33 , 0 ,, 143435095 , 1199269 , 143348978 , 1199255 , 6217 , 6218
Date-  2016-08-16
('PUB CLICKS-', 1228619)
('ADV CLICKS', 1228624)
('LIS CLICKS', 1228734)
('RLIS CLICKS', 1228732)
('ADV IMPR', 181792820)
('LIS IMPR', 182032211)
('RLIS IMPR', 182019484)
('ADV SPEND', 1681132788.915175)
('PUB SPEND', 1681132788.915175)
('PUB Impr', 88798150)
('PUB SD', 83333.333333333328)
('ADV SD', 83333.333333333328)
('PUB CONV', 6364)
('ADV CONV', 6365)
2016-08-16 , 181792820 , 1228624 , 1681132788.92 , 83333.3333333 ,, 88798150 , 1228619 , 1681132788.92 , 83333.3333333 ,, 182032211 , 1228734 , 182019484 , 1228732 , 6364 , 6365
Date-  2016-08-17
('PUB CLICKS-', 1325710)
('ADV CLICKS', 1325710)
('LIS CLICKS', 1325712)
('RLIS CLICKS', 1325710)
('ADV IMPR', 181083120)
('LIS IMPR', 181094720)
('RLIS IMPR', 181083120)
('ADV SPEND', 1750737992.5802786)
('PUB SPEND', 1750737992.5802784)
('PUB Impr', 89671309)
('PUB SD', 0)
('ADV SD', 0)
('PUB CONV', 7290)
('ADV CONV', 7290)
2016-08-17 , 181083120 , 1325710 , 1750737992.58 , 0 ,, 89671309 , 1325710 , 1750737992.58 , 0 ,, 181094720 , 1325712 , 181083120 , 1325710 , 7290 , 7290
Date-  2016-08-18
('PUB CLICKS-', 1314079)
('ADV CLICKS', 1314079)
('LIS CLICKS', 1314079)
('RLIS CLICKS', 1314079)
('ADV IMPR', 181981068)
('LIS IMPR', 181990746)
('RLIS IMPR', 181981068)
('ADV SPEND', 1796270121.3193746)
('PUB SPEND', 1796270121.3193736)
('PUB Impr', 94346442)
('PUB SD', 0)
('ADV SD', 0)
('PUB CONV', 6619)
('ADV CONV', 6619)
2016-08-18 , 181981068 , 1314079 , 1796270121.32 , 0 ,, 94346442 , 1314079 , 1796270121.32 , 0 ,, 181990746 , 1314079 , 181981068 , 1314079 , 6619 , 6619
Date-  2016-08-19
('PUB CLICKS-', 1302782)
('ADV CLICKS', 1302782)
('LIS CLICKS', 1302783)
('RLIS CLICKS', 1302782)
('ADV IMPR', 187942839)
('LIS IMPR', 187953244)
('RLIS IMPR', 187942839)
('ADV SPEND', 1928563857.4993141)
('PUB SPEND', 1928563857.4993148)
('PUB Impr', 93758699)
('PUB SD', 0)
('ADV SD', 0)
('PUB CONV', 6355)
('ADV CONV', 6358)
2016-08-19 , 187942839 , 1302782 , 1928563857.5 , 0 ,, 93758699 , 1302782 , 1928563857.5 , 0 ,, 187953244 , 1302783 , 187942839 , 1302782 , 6355 , 6358
Date-  2016-08-20
('PUB CLICKS-', 1322160)
('ADV CLICKS', 1322164)
('LIS CLICKS', 1322165)
('RLIS CLICKS', 1322164)
('ADV IMPR', 167630860)
('LIS IMPR', 167637981)
('RLIS IMPR', 167630860)
('ADV SPEND', 1813570824.0894647)
('PUB SPEND', 1813570824.0894649)
('PUB Impr', 85616947)
('PUB SD', 0)
('ADV SD', 0)
('PUB CONV', 6857)
('ADV CONV', 6860)
2016-08-20 , 167630860 , 1322164 , 1813570824.09 , 0 ,, 85616947 , 1322160 , 1813570824.09 , 0 ,, 167637981 , 1322165 , 167630860 , 1322164 , 6857 , 6860
Date-  2016-08-21
('PUB CLICKS-', 1334675)
('ADV CLICKS', 1283626)
('LIS CLICKS', 1334676)
('RLIS CLICKS', 1334675)
('ADV IMPR', 146667934)
('LIS IMPR', 151950405)
('RLIS IMPR', 151945444)
('ADV SPEND', 1672170096.2312007)
('PUB SPEND', 1736855758.0507534)
('PUB Impr', 80374921)
('PUB SD', 0)
('ADV SD', 0)
('PUB CONV', 7353)
('ADV CONV', 7356)
2016-08-21 , 146667934 , 1283626 , 1672170096.23 , 0 ,, 80374921 , 1334675 , 1736855758.05 , 0 ,, 151950405 , 1334676 , 151945444 , 1334675 , 7353 , 7356
Date-  2016-08-22
('PUB CLICKS-', 1266920)
('ADV CLICKS', 1266920)
('LIS CLICKS', 1266919)
('RLIS CLICKS', 1266909)
('ADV IMPR', 186406301)
('LIS IMPR', 186485048)
('RLIS IMPR', 186297297)
('ADV SPEND', 1912855001.5111268)
('PUB SPEND', 1912855001.5111272)
('PUB Impr', 83747181)
('PUB SD', 0)
('ADV SD', 0)
('PUB CONV', 7169)
('ADV CONV', 7170)
2016-08-22 , 186406301 , 1266920 , 1912855001.51 , 0 ,, 83747181 , 1266920 , 1912855001.51 , 0 ,, 186485048 , 1266919 , 186297297 , 1266909 , 7169 , 7170
Date-  2016-08-23
('PUB CLICKS-', 1379146)
('ADV CLICKS', 1379146)
('LIS CLICKS', 1379146)
('RLIS CLICKS', 1379146)
('ADV IMPR', 200080784)
('LIS IMPR', 200095766)
('RLIS IMPR', 200080784)
('ADV SPEND', 2070826062.6632605)
('PUB SPEND', 2070826062.66326)
('PUB Impr', 87121495)
('PUB SD', 0)
('ADV SD', 0)
('PUB CONV', 7331)
('ADV CONV', 7332)
2016-08-23 , 200080784 , 1379146 , 2070826062.66 , 0 ,, 87121495 , 1379146 , 2070826062.66 , 0 ,, 200095766 , 1379146 , 200080784 , 1379146 , 7331 , 7332
Date-  2016-08-24
('PUB CLICKS-', 1397866)
('ADV CLICKS', 1397870)
('LIS CLICKS', 1397870)
('RLIS CLICKS', 1397870)
('ADV IMPR', 208355529)
('LIS IMPR', 208368333)
('RLIS IMPR', 208355529)
('ADV SPEND', 2250769658.7476859)
('PUB SPEND', 2250769658.7476854)
('PUB Impr', 105956293)
('PUB SD', 0)
('ADV SD', 0)
('PUB CONV', 5822)
('ADV CONV', 5824)
2016-08-24 , 208355529 , 1397870 , 2250769658.75 , 0 ,, 105956293 , 1397866 , 2250769658.75 , 0 ,, 208368333 , 1397870 , 208355529 , 1397870 , 5822 , 5824
Date-  2016-08-25
('PUB CLICKS-', 1404120)
('ADV CLICKS', 1404120)
('LIS CLICKS', 1404120)
('RLIS CLICKS', 1404120)
('ADV IMPR', 181202435)
('LIS IMPR', 181214357)
('RLIS IMPR', 181202435)
('ADV SPEND', 2192727612.2690763)
('PUB SPEND', 2192727612.2690763)
('PUB Impr', 86197394)
('PUB SD', 0)
('ADV SD', 0)
('PUB CONV', 4082)
('ADV CONV', 4083)
2016-08-25 , 181202435 , 1404120 , 2192727612.27 , 0 ,, 86197394 , 1404120 , 2192727612.27 , 0 ,, 181214357 , 1404120 , 181202435 , 1404120 , 4082 , 4083
Date-  2016-08-26
('PUB CLICKS-', 1232781)
('ADV CLICKS', 1232781)
('LIS CLICKS', 1232781)
('RLIS CLICKS', 1232781)
('ADV IMPR', 176795906)
('LIS IMPR', 176810141)
('RLIS IMPR', 176795906)
('ADV SPEND', 2120393443.1079862)
('PUB SPEND', 2120393443.1079862)
('PUB Impr', 82935360)
('PUB SD', 1250000.0)
('ADV SD', 1249999.9999999998)
('PUB CONV', 3340)
('ADV CONV', 3344)
2016-08-26 , 176795906 , 1232781 , 2120393443.11 , 1250000.0 ,, 82935360 , 1232781 , 2120393443.11 , 1250000.0 ,, 176810141 , 1232781 , 176795906 , 1232781 , 3340 , 3344
Date-  2016-08-27
('PUB CLICKS-', 1583286)
('ADV CLICKS', 1583290)
('LIS CLICKS', 1583291)
('RLIS CLICKS', 1583290)
('ADV IMPR', 237851133)
('LIS IMPR', 237861276)
('RLIS IMPR', 237851133)
('ADV SPEND', 2594381987.7310491)
('PUB SPEND', 2594381987.7310104)
('PUB Impr', 157560989)
('PUB SD', 0)
('ADV SD', 0)
('PUB CONV', 5569)
('ADV CONV', 5572)
2016-08-27 , 237851133 , 1583290 , 2594381987.73 , 0 ,, 157560989 , 1583286 , 2594381987.73 , 0 ,, 237861276 , 1583291 , 237851133 , 1583290 , 5569 , 5572
Date-  2016-08-28
('PUB CLICKS-', 1389576)
('ADV CLICKS', 1389576)
('LIS CLICKS', 1389577)
('RLIS CLICKS', 1389576)
('ADV IMPR', 187416830)
('LIS IMPR', 187456182)
('RLIS IMPR', 187378726)
('ADV SPEND', 2087091159.7162104)
('PUB SPEND', 2087091159.7162085)
('PUB Impr', 110306540)
('PUB SD', 0)
('ADV SD', 0)
('PUB CONV', 7010)
('ADV CONV', 7023)
2016-08-28 , 187416830 , 1389576 , 2087091159.72 , 0 ,, 110306540 , 1389576 , 2087091159.72 , 0 ,, 187456182 , 1389577 , 187378726 , 1389576 , 7010 , 7023
Date-  2016-08-29
('PUB CLICKS-', 1191135)
('ADV CLICKS', 1191143)
('LIS CLICKS', 1191143)
('RLIS CLICKS', 1191143)
('ADV IMPR', 194845675)
('LIS IMPR', 194863324)
('RLIS IMPR', 194845675)
('ADV SPEND', 2383229267.1903501)
('PUB SPEND', 2383223667.1903496)
('PUB Impr', 93438250)
('PUB SD', 208333.33333333331)
('ADV SD', 208333.33333333331)
('PUB CONV', 4551)
('ADV CONV', 4561)
2016-08-29 , 194845675 , 1191143 , 2383229267.19 , 208333.333333 ,, 93438250 , 1191135 , 2383223667.19 , 208333.333333 ,, 194863324 , 1191143 , 194845675 , 1191143 , 4551 , 4561
Date-  2016-08-30
('PUB CLICKS-', 1232416)
('ADV CLICKS', 1232418)
('LIS CLICKS', 1232418)
('RLIS CLICKS', 1232418)
('ADV IMPR', 216941633)
('LIS IMPR', 216941633)
('RLIS IMPR', 216941633)
('ADV SPEND', 2374313270.2905931)
('PUB SPEND', 2374311670.2905941)
('PUB Impr', 107592015)
('PUB SD', 161802083.3333334)
('ADV SD', 161802083.33333334)
('PUB CONV', 3829)
('ADV CONV', 3838)
2016-08-30 , 216941633 , 1232418 , 2374313270.29 , 161802083.333 ,, 107592015 , 1232416 , 2374311670.29 , 161802083.333 ,, 216941633 , 1232418 , 216941633 , 1232418 , 3829 , 3838
Date-  2016-08-31
('PUB CLICKS-', 1200167)
('ADV CLICKS', 1200167)
('LIS CLICKS', 1200168)
('RLIS CLICKS', 1200166)
('ADV IMPR', 202644980)
('LIS IMPR', 202615412)
('RLIS IMPR', 202595942)
('ADV SPEND', 2381349315.743434)
('PUB SPEND', 2381349315.743434)
('PUB Impr', 99879969)
('PUB SD', 2343750.0)
('ADV SD', 2343750.0)
('PUB CONV', 3346)
('ADV CONV', 3354)
2016-08-31 , 202644980 , 1200167 , 2381349315.74 , 2343750.0 ,, 99879969 , 1200167 , 2381349315.74 , 2343750.0 ,, 202615412 , 1200168 , 202595942 , 1200166 , 3346 , 3354
Date-  2016-09-01
('PUB CLICKS-', 791070)
('ADV CLICKS', 791074)
('LIS CLICKS', 791074)
('RLIS CLICKS', 791074)
('ADV IMPR', 206776705)
('LIS IMPR', 206796851)
('RLIS IMPR', 206776705)
('ADV SPEND', 1956690635.4140694)
('PUB SPEND', 1956686435.4140694)
('PUB Impr', 94180600)
('PUB SD', 161718749.99999997)
('ADV SD', 161718750.0)
('PUB CONV', 2462)
('ADV CONV', 2466)
2016-09-01 , 206776705 , 791074 , 1956690635.41 , 161718750.0 ,, 94180600 , 791070 , 1956686435.41 , 161718750.0 ,, 206796851 , 791074 , 206776705 , 791074 , 2462 , 2466
Date-  2016-09-02
('PUB CLICKS-', 964507)
('ADV CLICKS', 964507)
('LIS CLICKS', 964507)
('RLIS CLICKS', 964507)
('ADV IMPR', 190053256)
('LIS IMPR', 190070998)
('RLIS IMPR', 190053256)
('ADV SPEND', 2093975788.3642018)
('PUB SPEND', 2093975788.3642018)
('PUB Impr', 88096416)
('PUB SD', 4687500.0)
('ADV SD', 4687500.0)
('PUB CONV', 4039)
('ADV CONV', 4052)
2016-09-02 , 190053256 , 964507 , 2093975788.36 , 4687500.0 ,, 88096416 , 964507 , 2093975788.36 , 4687500.0 ,, 190070998 , 964507 , 190053256 , 964507 , 4039 , 4052
Date-  2016-09-03
('PUB CLICKS-', 1149838)
('ADV CLICKS', 1149842)
('LIS CLICKS', 1149842)
('RLIS CLICKS', 1149842)
('ADV IMPR', 160266997)
('LIS IMPR', 160277858)
('RLIS IMPR', 160266997)
('ADV SPEND', 1940072067.1912065)
('PUB SPEND', 1940072067.191206)
('PUB Impr', 75523985)
('PUB SD', 0)
('ADV SD', 0)
('PUB CONV', 4562)
('ADV CONV', 4562)
2016-09-03 , 160266997 , 1149842 , 1940072067.19 , 0 ,, 75523985 , 1149838 , 1940072067.19 , 0 ,, 160277858 , 1149842 , 160266997 , 1149842 , 4562 , 4562
Date-  2016-09-04
('PUB CLICKS-', 1125650)
('ADV CLICKS', 1125650)
('LIS CLICKS', 1125650)
('RLIS CLICKS', 1125650)
('ADV IMPR', 159035833)
('LIS IMPR', 159044699)
('RLIS IMPR', 159035833)
('ADV SPEND', 1912224598.8104532)
('PUB SPEND', 1912224598.8104527)
('PUB Impr', 85952025)
('PUB SD', 0)
('ADV SD', 0)
('PUB CONV', 5012)
('ADV CONV', 5016)
2016-09-04 , 159035833 , 1125650 , 1912224598.81 , 0 ,, 85952025 , 1125650 , 1912224598.81 , 0 ,, 159044699 , 1125650 , 159035833 , 1125650 , 5012 , 5016
Date-  2016-09-05
('PUB CLICKS-', 1097916)
('ADV CLICKS', 1097918)
('LIS CLICKS', 1097906)
('RLIS CLICKS', 1097884)
('ADV IMPR', 161171487)
('LIS IMPR', 161051883)
('RLIS IMPR', 161040143)
('ADV SPEND', 1822759919.7708733)
('PUB SPEND', 1822756919.7708726)
('PUB Impr', 77270455)
('PUB SD', 7031250.0000000065)
('ADV SD', 0)
('PUB CONV', 4819)
('ADV CONV', 4822)
2016-09-05 , 161171487 , 1097918 , 1822759919.77 , 0 ,, 77270455 , 1097916 , 1822756919.77 , 7031250.0 ,, 161051883 , 1097906 , 161040143 , 1097884 , 4819 , 4822
Date-  2016-09-06
('PUB CLICKS-', 1207854)
('ADV CLICKS', 1207858)
('LIS CLICKS', 1207858)
('RLIS CLICKS', 1207858)
('ADV IMPR', 206096981)
('LIS IMPR', 207279618)
('RLIS IMPR', 206096981)
('ADV SPEND', 2069981311.2929666)
('PUB SPEND', 2069974636.4632702)
('PUB Impr', 99051706)
('PUB SD', 161718749.99999994)
('ADV SD', 0)
('PUB CONV', 4355)
('ADV CONV', 4356)
2016-09-06 , 206096981 , 1207858 , 2069981311.29 , 0 ,, 99051706 , 1207854 , 2069974636.46 , 161718750.0 ,, 207279618 , 1207858 , 206096981 , 1207858 , 4355 , 4356
Date-  2016-09-07
('PUB CLICKS-', 1184217)
('ADV CLICKS', 1184219)
('LIS CLICKS', 1184219)
('RLIS CLICKS', 1184219)
('ADV IMPR', 208840908)
('LIS IMPR', 209993866)
('RLIS IMPR', 208840908)
('ADV SPEND', 2151704814.9418621)
('PUB SPEND', 2151701986.4226313)
('PUB Impr', 94331443)
('PUB SD', 4687500.0)
('ADV SD', 4687500.0)
('PUB CONV', 4471)
('ADV CONV', 4471)
2016-09-07 , 208840908 , 1184219 , 2151704814.94 , 4687500.0 ,, 94331443 , 1184217 , 2151701986.42 , 4687500.0 ,, 209993866 , 1184219 , 208840908 , 1184219 , 4471 , 4471
Date-  2016-09-08
('PUB CLICKS-', 1150065)
('ADV CLICKS', 1150065)
('LIS CLICKS', 1150066)
('RLIS CLICKS', 1149991)
('ADV IMPR', 212596765)
('LIS IMPR', 213757342)
('RLIS IMPR', 212388182)
('ADV SPEND', 2190392560.3183517)
('PUB SPEND', 2190392560.3183517)
('PUB Impr', 98281906)
('PUB SD', 0)
('ADV SD', 0)
('PUB CONV', 3626)
('ADV CONV', 3552)
2016-09-08 , 212596765 , 1150065 , 2190392560.32 , 0 ,, 98281906 , 1150065 , 2190392560.32 , 0 ,, 213757342 , 1150066 , 212388182 , 1149991 , 3626 , 3552
Date-  2016-09-09
('PUB CLICKS-', 1141531)
('ADV CLICKS', 1141531)
('LIS CLICKS', 1141531)
('RLIS CLICKS', 1141531)
('ADV IMPR', 202568624)
('LIS IMPR', 203610033)
('RLIS IMPR', 202568647)
('ADV SPEND', 2281680192.38483)
('PUB SPEND', 2281680192.38483)
('PUB Impr', 96330281)
('PUB SD', 0)
('ADV SD', 0)
('PUB CONV', 4057)
('ADV CONV', 4061)
2016-09-09 , 202568624 , 1141531 , 2281680192.38 , 0 ,, 96330281 , 1141531 , 2281680192.38 , 0 ,, 203610033 , 1141531 , 202568647 , 1141531 , 4057 , 4061
Date-  2016-09-10
('PUB CLICKS-', 1112554)
('ADV CLICKS', 1112554)
('LIS CLICKS', 1112555)
('RLIS CLICKS', 1112554)
('ADV IMPR', 170768420)
('LIS IMPR', 171471910)
('RLIS IMPR', 170768436)
('ADV SPEND', 2218375046.5410843)
('PUB SPEND', 2218375046.5410848)
('PUB Impr', 82848638)
('PUB SD', 0)
('ADV SD', 0)
('PUB CONV', 3846)
('ADV CONV', 3853)
2016-09-10 , 170768420 , 1112554 , 2218375046.54 , 0 ,, 82848638 , 1112554 , 2218375046.54 , 0 ,, 171471910 , 1112555 , 170768436 , 1112554 , 3846 , 3853
Date-  2016-09-11
('PUB CLICKS-', 1091943)
('ADV CLICKS', 1091943)
('LIS CLICKS', 1091943)
('RLIS CLICKS', 1091942)
('ADV IMPR', 150876024)
('LIS IMPR', 151431181)
('RLIS IMPR', 150772834)
('ADV SPEND', 2079978937.4148817)
('PUB SPEND', 2079978937.4148815)
('PUB Impr', 72534063)
('PUB SD', 0)
('ADV SD', 0)
('PUB CONV', 4284)
('ADV CONV', 4293)
2016-09-11 , 150876024 , 1091943 , 2079978937.41 , 0 ,, 72534063 , 1091943 , 2079978937.41 , 0 ,, 151431181 , 1091943 , 150772834 , 1091942 , 4284 , 4293
Date-  2016-09-12
('PUB CLICKS-', 1110208)
('ADV CLICKS', 1110213)
('LIS CLICKS', 1110214)
('RLIS CLICKS', 1110213)
('ADV IMPR', 203431288)
('LIS IMPR', 204537203)
('RLIS IMPR', 203431289)
('ADV SPEND', 2200685881.8757267)
('PUB SPEND', 2200683781.8757277)
('PUB Impr', 90865641)
('PUB SD', 0)
('ADV SD', 0)
('PUB CONV', 3186)
('ADV CONV', 3194)
2016-09-12 , 203431288 , 1110213 , 2200685881.88 , 0 ,, 90865641 , 1110208 , 2200683781.88 , 0 ,, 204537203 , 1110214 , 203431289 , 1110213 , 3186 , 3194
Date-  2016-09-13
('PUB CLICKS-', 1080443)
('ADV CLICKS', 1080443)
('LIS CLICKS', 1080443)
('RLIS CLICKS', 1080417)
('ADV IMPR', 197058045)
('LIS IMPR', 198019863)
('RLIS IMPR', 196922676)
('ADV SPEND', 2259396702.1302819)
('PUB SPEND', 2259396702.1302819)
('PUB Impr', 90763379)
('PUB SD', 0)
('ADV SD', 0)
('PUB CONV', 3356)
('ADV CONV', 3359)
2016-09-13 , 197058045 , 1080443 , 2259396702.13 , 0 ,, 90763379 , 1080443 , 2259396702.13 , 0 ,, 198019863 , 1080443 , 196922676 , 1080417 , 3356 , 3359
Date-  2016-09-14
('PUB CLICKS-', 961339)
('ADV CLICKS', 961343)
('LIS CLICKS', 961343)
('RLIS CLICKS', 961343)
('ADV IMPR', 189818394)
('LIS IMPR', 190842924)
('RLIS IMPR', 189818394)
('ADV SPEND', 2009539147.9346015)
('PUB SPEND', 2009539147.9346013)
('PUB Impr', 84391580)
('PUB SD', 0)
('ADV SD', 0)
('PUB CONV', 2711)
('ADV CONV', 2720)
2016-09-14 , 189818394 , 961343 , 2009539147.93 , 0 ,, 84391580 , 961339 , 2009539147.93 , 0 ,, 190842924 , 961343 , 189818394 , 961343 , 2711 , 2720
Date-  2016-09-15
('PUB CLICKS-', 986768)
('ADV CLICKS', 986769)
('LIS CLICKS', 986769)
('RLIS CLICKS', 986769)
('ADV IMPR', 189858992)
('LIS IMPR', 190899317)
('RLIS IMPR', 189858992)
('ADV SPEND', 2076273268.956584)
('PUB SPEND', 2076273268.9565833)
('PUB Impr', 80925697)
('PUB SD', 166666.66666666666)
('ADV SD', 166666.66666666666)
('PUB CONV', 2311)
('ADV CONV', 2317)
2016-09-15 , 189858992 , 986769 , 2076273268.96 , 166666.666667 ,, 80925697 , 986768 , 2076273268.96 , 166666.666667 ,, 190899317 , 986769 , 189858992 , 986769 , 2311 , 2317
Date-  2016-09-16
('PUB CLICKS-', 1030219)
('ADV CLICKS', 1030220)
('LIS CLICKS', 1030220)
('RLIS CLICKS', 1030220)
('ADV IMPR', 198962323)
('LIS IMPR', 200052042)
('RLIS IMPR', 198962323)
('ADV SPEND', 1867277153.2509809)
('PUB SPEND', 1867265393.2509809)
('PUB Impr', 85982445)
('PUB SD', 287583333.33333337)
('ADV SD', 287583333.33333331)
('PUB CONV', 1798)
('ADV CONV', 1809)
2016-09-16 , 198962323 , 1030220 , 1867277153.25 , 287583333.333 ,, 85982445 , 1030219 , 1867265393.25 , 287583333.333 ,, 200052042 , 1030220 , 198962323 , 1030220 , 1798 , 1809
Date-  2016-09-17
('PUB CLICKS-', 1073555)
('ADV CLICKS', 1073562)
('LIS CLICKS', 1073562)
('RLIS CLICKS', 1073562)
('ADV IMPR', 185257768)
('LIS IMPR', 186022696)
('RLIS IMPR', 185257768)
('ADV SPEND', 1989943629.348644)
('PUB SPEND', 1989918629.3486435)
('PUB Impr', 86906212)
('PUB SD', 0)
('ADV SD', 0)
('PUB CONV', 1907)
('ADV CONV', 1914)
2016-09-17 , 185257768 , 1073562 , 1989943629.35 , 0 ,, 86906212 , 1073555 , 1989918629.35 , 0 ,, 186022696 , 1073562 , 185257768 , 1073562 , 1907 , 1914
Date-  2016-09-18
('PUB CLICKS-', 1064025)
('ADV CLICKS', 1064026)
('LIS CLICKS', 1064026)
('RLIS CLICKS', 1064026)
('ADV IMPR', 167077953)
('LIS IMPR', 167724732)
('RLIS IMPR', 167077953)
('ADV SPEND', 1945328909.5140026)
('PUB SPEND', 1945327409.5140021)
('PUB Impr', 79488090)
('PUB SD', 0)
('ADV SD', 0)
('PUB CONV', 1747)
('ADV CONV', 1756)
2016-09-18 , 167077953 , 1064026 , 1945328909.51 , 0 ,, 79488090 , 1064025 , 1945327409.51 , 0 ,, 167724732 , 1064026 , 167077953 , 1064026 , 1747 , 1756
Date-  2016-09-19
('PUB CLICKS-', 1032610)
('ADV CLICKS', 1032616)
('LIS CLICKS', 1032616)
('RLIS CLICKS', 1032588)
('ADV IMPR', 221215631)
('LIS IMPR', 222429090)
('RLIS IMPR', 221126016)
('ADV SPEND', 1923999494.69136)
('PUB SPEND', 1923973094.6913602)
('PUB Impr', 96778223)
('PUB SD', 0)
('ADV SD', 0)
('PUB CONV', 3654)
('ADV CONV', 3792)
2016-09-19 , 221215631 , 1032616 , 1923999494.69 , 0 ,, 96778223 , 1032610 , 1923973094.69 , 0 ,, 222429090 , 1032616 , 221126016 , 1032588 , 3654 , 3792
Date-  2016-09-20
('PUB CLICKS-', 1092981)
('ADV CLICKS', 1092982)
('LIS CLICKS', 1092982)
('RLIS CLICKS', 1092982)
('ADV IMPR', 237765782)
('LIS IMPR', 239087989)
('RLIS IMPR', 237765782)
('ADV SPEND', 2063349454.3965676)
('PUB SPEND', 2063349454.3965676)
('PUB Impr', 104569338)
('PUB SD', 0)
('ADV SD', 0)
('PUB CONV', 22597)
('ADV CONV', 23094)
('ADV SG', 27386.849999999999)
('PUB SG', 26934.299999999996)
2016-09-20 , 237765782 , 1092982 , 2063349454.4 , 0 ,, 104569338 , 1092981 , 2063349454.4 , 0 ,, 239087989 , 1092982 , 237765782 , 1092982 , 22597 , 23094
Date-  2016-09-21
('PUB CLICKS-', 1080464)
('ADV CLICKS', 1080467)
('LIS CLICKS', 1080466)
('RLIS CLICKS', 1080451)
('ADV IMPR', 228062006)
('LIS IMPR', 228896042)
('RLIS IMPR', 227698764)
('ADV SPEND', 2153067347.9100037)
('PUB SPEND', 2153062847.9100046)
('PUB Impr', 100293142)
('PUB SD', 208333.33333333331)
('ADV SD', 208333.33333333331)
('PUB CONV', 71286)
('ADV CONV', 71323)
('ADV SG', 26522.149999999998)
('PUB SG', 26294.549999999999)
2016-09-21 , 228062006 , 1080467 , 2153067347.91 , 208333.333333 ,, 100293142 , 1080464 , 2153062847.91 , 208333.333333 ,, 228896042 , 1080466 , 227698764 , 1080451 , 71286 , 71323
Date-  2016-09-22
('PUB CLICKS-', 1132778)
('ADV CLICKS', 1132824)
('LIS CLICKS', 1132825)
('RLIS CLICKS', 1079953)
('ADV IMPR', 276461053)
('LIS IMPR', 277717478)
('RLIS IMPR', 263056181)
('ADV SPEND', 2129776673.0029771)
('PUB SPEND', 2129712173.0029776)
('PUB Impr', 142842690)
('PUB SD', 282707375.0)
('ADV SD', 282707375.00000006)
('PUB CONV', 67097)
('ADV CONV', 67032)
('ADV SG', 22603.799999999999)
('PUB SG', 23449.200000000004)
2016-09-22 , 276461053 , 1132824 , 2129776673.0 , 282707375.0 ,, 142842690 , 1132778 , 2129712173.0 , 282707375.0 ,, 277717478 , 1132825 , 263056181 , 1079953 , 67097 , 67032
Date-  2016-09-23
('PUB CLICKS-', 1148682)
('ADV CLICKS', 1148726)
('LIS CLICKS', 1148334)
('RLIS CLICKS', 1148726)
('ADV IMPR', 272848863)
('LIS IMPR', 273007217)
('RLIS IMPR', 272848863)
('ADV SPEND', 2508158852.6760244)
('PUB SPEND', 2508096352.6760254)
('PUB Impr', 133446546)
('PUB SD', 0)
('ADV SD', 0)
('PUB CONV', 21911)
('ADV CONV', 21916)
('ADV SG', 23982400.0)
('PUB SG', 23908000.0)
2016-09-23 , 272848863 , 1148726 , 2508158852.68 , 0 ,, 133446546 , 1148682 , 2508096352.68 , 0 ,, 273007217 , 1148334 , 272848863 , 1148726 , 21911 , 21916
Date-  2016-09-24
('PUB CLICKS-', 1069690)
('ADV CLICKS', 1069715)
('LIS CLICKS', 1069716)
('RLIS CLICKS', 1069715)
('ADV IMPR', 231603278)
('LIS IMPR', 232349271)
('RLIS IMPR', 231603278)
('ADV SPEND', 2250629265.5537076)
('PUB SPEND', 2250591765.5537081)
('PUB Impr', 132457856)
('PUB SD', 0)
('ADV SD', 0)
('PUB CONV', 0)
('ADV CONV', 0)
('ADV SG', 0)
('PUB SG', 0)
2016-09-24 , 231603278 , 1069715 , 2250629265.55 , 0 ,, 132457856 , 1069690 , 2250591765.55 , 0 ,, 232349271 , 1069716 , 231603278 , 1069715 , 0 , 0
Date-  2016-09-25
('PUB CLICKS-', 1111784)
('ADV CLICKS', 1111804)
('LIS CLICKS', 1111804)
('RLIS CLICKS', 1111804)
('ADV IMPR', 232359478)
('LIS IMPR', 232989997)
('RLIS IMPR', 232359478)
('ADV SPEND', 2087989941.926368)
('PUB SPEND', 2087972941.926368)
('PUB Impr', 149263717)
('PUB SD', 0)
('ADV SD', 0)
('PUB CONV', 0)
('ADV CONV', 0)
('ADV SG', 0)
('PUB SG', 0)
2016-09-25 , 232359478 , 1111804 , 2087989941.93 , 0 ,, 149263717 , 1111784 , 2087972941.93 , 0 ,, 232989997 , 1111804 , 232359478 , 1111804 , 0 , 0
